# JRE version: OpenJDK Runtime Environment (21.0.8) (build 21.0.8+-14196175-b1038.72)
# Java VM: OpenJDK 64-Bit Server VM (21.0.8+-14196175-b1038.72, mixed mode, tiered, compressed oops, compressed class ptrs, g1 gc, windows-amd64)
GC Precious Log:
 CardTable entry size: 512
 Card Set container configuration: InlinePtr #cards 4 size 8 Array Of Cards #cards 32 size 80 Howl #buckets 8 coarsen threshold 7372 Howl Bitmap #cards 1024 size 144 coarsen threshold 921 Card regions per heap region 1 cards per card region 8192
 CPUs: 12 total, 12 available
 Memory: 16337M
 Large Page Support: Disabled
 NUMA Support: Disabled
 Compressed Oops: Enabled (Zero based)
 Heap Region Size: 4M
 Heap Min Capacity: 8M
 Heap Initial Capacity: 256M
 Heap Max Capacity: 8G
 Pre-touch: Disabled
 Parallel Workers: 10
 Concurrent Workers: 3
 Concurrent Refinement Workers: 10
 Periodic GC: Disabled
Heap:
 garbage-first heap   total 1298432K, used 483242K [0x0000000600000000, 0x0000000800000000)
  region size 4096K, 5 young (20480K), 5 survivors (20480K)
 Metaspace       used 235212K, committed 238272K, reserved 1310720K
  class space    used 30284K, committed 31808K, reserved 1048576K
GC Heap History (20 events):
Event: 484.861 GC heap after
{Heap after GC invocations=136 (full 0):
 garbage-first heap   total 1298432K, used 458081K [0x0000000600000000, 0x0000000800000000)
  region size 4096K, 13 young (53248K), 13 survivors (53248K)
 Metaspace       used 231641K, committed 234560K, reserved 1310720K
  class space    used 29761K, committed 31168K, reserved 1048576K
}
Event: 485.335 GC heap before
{Heap before GC invocations=136 (full 0):
 garbage-first heap   total 1298432K, used 1166689K [0x0000000600000000, 0x0000000800000000)
  region size 4096K, 187 young (765952K), 13 survivors (53248K)
 Metaspace       used 231641K, committed 234560K, reserved 1310720K
  class space    used 29761K, committed 31168K, reserved 1048576K
}
Event: 485.353 GC heap after
{Heap after GC invocations=137 (full 0):
 garbage-first heap   total 1298432K, used 427433K [0x0000000600000000, 0x0000000800000000)
  region size 4096K, 14 young (57344K), 14 survivors (57344K)
 Metaspace       used 231641K, committed 234560K, reserved 1310720K
  class space    used 29761K, committed 31168K, reserved 1048576K
}
Event: 486.842 GC heap before
{Heap before GC invocations=137 (full 0):
 garbage-first heap   total 1298432K, used 1144233K [0x0000000600000000, 0x0000000800000000)
  region size 4096K, 190 young (778240K), 14 survivors (57344K)
 Metaspace       used 231685K, committed 234624K, reserved 1310720K
  class space    used 29765K, committed 31168K, reserved 1048576K
}
Event: 486.857 GC heap after
{Heap after GC invocations=138 (full 0):
 garbage-first heap   total 1298432K, used 416592K [0x0000000600000000, 0x0000000800000000)
  region size 4096K, 7 young (28672K), 7 survivors (28672K)
 Metaspace       used 231685K, committed 234624K, reserved 1310720K
  class space    used 29765K, committed 31168K, reserved 1048576K
}
Event: 579.375 GC heap before
{Heap before GC invocations=138 (full 0):
 garbage-first heap   total 1298432K, used 1166160K [0x0000000600000000, 0x0000000800000000)
  region size 4096K, 190 young (778240K), 7 survivors (28672K)
 Metaspace       used 235308K, committed 238272K, reserved 1310720K
  class space    used 30312K, committed 31808K, reserved 1048576K
}
Event: 579.393 GC heap after
{Heap after GC invocations=139 (full 0):
 garbage-first heap   total 1298432K, used 441166K [0x0000000600000000, 0x0000000800000000)
  region size 4096K, 13 young (53248K), 13 survivors (53248K)
 Metaspace       used 235308K, committed 238272K, reserved 1310720K
  class space    used 30312K, committed 31808K, reserved 1048576K
}
Event: 585.202 GC heap before
{Heap before GC invocations=140 (full 0):
 garbage-first heap   total 1298432K, used 1166158K [0x0000000600000000, 0x0000000800000000)
  region size 4096K, 190 young (778240K), 13 survivors (53248K)
 Metaspace       used 235291K, committed 238272K, reserved 1310720K
  class space    used 30307K, committed 31808K, reserved 1048576K
}
Event: 585.226 GC heap after
{Heap after GC invocations=141 (full 0):
 garbage-first heap   total 1298432K, used 461825K [0x0000000600000000, 0x0000000800000000)
  region size 4096K, 17 young (69632K), 17 survivors (69632K)
 Metaspace       used 235291K, committed 238272K, reserved 1310720K
  class space    used 30307K, committed 31808K, reserved 1048576K
}
Event: 600.842 GC heap before
{Heap before GC invocations=141 (full 0):
 garbage-first heap   total 1298432K, used 1154049K [0x0000000600000000, 0x0000000800000000)
  region size 4096K, 186 young (761856K), 17 survivors (69632K)
 Metaspace       used 235297K, committed 238272K, reserved 1310720K
  class space    used 30307K, committed 31808K, reserved 1048576K
}
Event: 600.882 GC heap after
{Heap after GC invocations=142 (full 0):
 garbage-first heap   total 1298432K, used 473108K [0x0000000600000000, 0x0000000800000000)
  region size 4096K, 21 young (86016K), 21 survivors (86016K)
 Metaspace       used 235297K, committed 238272K, reserved 1310720K
  class space    used 30307K, committed 31808K, reserved 1048576K
}
Event: 609.218 GC heap before
{Heap before GC invocations=142 (full 0):
 garbage-first heap   total 1298432K, used 1132564K [0x0000000600000000, 0x0000000800000000)
  region size 4096K, 183 young (749568K), 21 survivors (86016K)
 Metaspace       used 235297K, committed 238272K, reserved 1310720K
  class space    used 30307K, committed 31808K, reserved 1048576K
}
Event: 609.247 GC heap after
{Heap after GC invocations=143 (full 0):
 garbage-first heap   total 1298432K, used 483767K [0x0000000600000000, 0x0000000800000000)
  region size 4096K, 11 young (45056K), 11 survivors (45056K)
 Metaspace       used 235297K, committed 238272K, reserved 1310720K
  class space    used 30307K, committed 31808K, reserved 1048576K
}
Event: 609.745 GC heap before
{Heap before GC invocations=143 (full 0):
 garbage-first heap   total 1298432K, used 1175991K [0x0000000600000000, 0x0000000800000000)
  region size 4096K, 182 young (745472K), 11 survivors (45056K)
 Metaspace       used 235297K, committed 238272K, reserved 1310720K
  class space    used 30307K, committed 31808K, reserved 1048576K
}
Event: 609.765 GC heap after
{Heap after GC invocations=144 (full 0):
 garbage-first heap   total 1298432K, used 492894K [0x0000000600000000, 0x0000000800000000)
  region size 4096K, 14 young (57344K), 14 survivors (57344K)
 Metaspace       used 235297K, committed 238272K, reserved 1310720K
  class space    used 30307K, committed 31808K, reserved 1048576K
}
Event: 610.248 GC heap before
{Heap before GC invocations=145 (full 0):
 garbage-first heap   total 1298432K, used 1164638K [0x0000000600000000, 0x0000000800000000)
  region size 4096K, 179 young (733184K), 14 survivors (57344K)
 Metaspace       used 235212K, committed 238272K, reserved 1310720K
  class space    used 30284K, committed 31808K, reserved 1048576K
}
Event: 610.268 GC heap after
{Heap after GC invocations=146 (full 0):
 garbage-first heap   total 1298432K, used 495851K [0x0000000600000000, 0x0000000800000000)
  region size 4096K, 6 young (24576K), 6 survivors (24576K)
 Metaspace       used 235212K, committed 238272K, reserved 1310720K
  class space    used 30284K, committed 31808K, reserved 1048576K
}
Event: 610.772 GC heap before
{Heap before GC invocations=146 (full 0):
 garbage-first heap   total 1298432K, used 1196267K [0x0000000600000000, 0x0000000800000000)
  region size 4096K, 178 young (729088K), 6 survivors (24576K)
 Metaspace       used 235212K, committed 238272K, reserved 1310720K
  class space    used 30284K, committed 31808K, reserved 1048576K
}
Event: 610.790 GC heap after
{Heap after GC invocations=147 (full 0):
 garbage-first heap   total 1298432K, used 488497K [0x0000000600000000, 0x0000000800000000)
  region size 4096K, 7 young (28672K), 7 survivors (28672K)
 Metaspace       used 235212K, committed 238272K, reserved 1310720K
  class space    used 30284K, committed 31808K, reserved 1048576K
}
Event: 611.802 GC heap before
{Heap before GC invocations=147 (full 0):
 garbage-first heap   total 1298432K, used 1193009K [0x0000000600000000, 0x0000000800000000)
  region size 4096K, 179 young (733184K), 7 survivors (28672K)
 Metaspace       used 235212K, committed 238272K, reserved 1310720K
  class space    used 30284K, committed 31808K, reserved 1048576K
}

